0 info it worked if it ends with ok
1 verbose cli [ 'C:\\Program Files\\nodejs\\node.exe',
1 verbose cli   'C:\\Program Files\\nodejs\\node_modules\\npm\\bin\\npm-cli.js',
1 verbose cli   'publish' ]
2 info using npm@3.10.10
3 info using node@v6.11.0
4 verbose publish [ '.' ]
5 silly cache add args [ '.', null ]
6 verbose cache add spec .
7 silly cache add parsed spec Result {
7 silly cache add   raw: '.',
7 silly cache add   scope: null,
7 silly cache add   escapedName: null,
7 silly cache add   name: null,
7 silly cache add   rawSpec: '.',
7 silly cache add   spec: 'C:\\Users\\sridhar.alagirisamy\\Documents\\demo\\demo-proj',
7 silly cache add   type: 'directory' }
8 verbose addLocalDirectory C:\Users\sridhar.alagirisamy\AppData\Roaming\npm-cache\demo-proj\1.2.2\package.tgz not in flight; packing
9 verbose correctMkdir C:\Users\sridhar.alagirisamy\AppData\Roaming\npm-cache correctMkdir not in flight; initializing
10 info lifecycle demo-proj@1.2.2~prepublish: demo-proj@1.2.2
11 verbose lifecycle demo-proj@1.2.2~prepublish: unsafe-perm in lifecycle true
12 verbose lifecycle demo-proj@1.2.2~prepublish: PATH: C:\Program Files\nodejs\node_modules\npm\bin\node-gyp-bin;C:\Users\sridhar.alagirisamy\Documents\demo\demo-proj\node_modules\.bin;C:\Windows\system32;C:\Windows;C:\Windows\System32\Wbem;C:\Windows\System32\WindowsPowerShell\v1.0\;C:\Windows\system32\config\systemprofile\.dnx\bin;C:\Program Files\Microsoft DNX\Dnvm\;C:\Program Files\Microsoft SQL Server\130\Tools\Binn\;C:\Program Files\TortoiseSVN\bin;C:\Program Files\nodejs\;C:\Program Files\Git\cmd;C:\Users\sridhar.alagirisamy\AppData\Local\Microsoft\WindowsApps;;C:\Program Files (x86)\Microsoft VS Code\bin;C:\Users\sridhar.alagirisamy\AppData\Roaming\npm
13 verbose lifecycle demo-proj@1.2.2~prepublish: CWD: C:\Users\sridhar.alagirisamy\Documents\demo\demo-proj
14 silly lifecycle demo-proj@1.2.2~prepublish: Args: [ '/d /s /c', 'npm run test && npm run tsc' ]
15 silly lifecycle demo-proj@1.2.2~prepublish: Returned: code: 0  signal: null
16 verbose tar pack [ 'C:\\Users\\sridhar.alagirisamy\\AppData\\Roaming\\npm-cache\\demo-proj\\1.2.2\\package.tgz',
16 verbose tar pack   'C:\\Users\\sridhar.alagirisamy\\Documents\\demo\\demo-proj' ]
17 verbose tarball C:\Users\sridhar.alagirisamy\AppData\Roaming\npm-cache\demo-proj\1.2.2\package.tgz
18 verbose folder C:\Users\sridhar.alagirisamy\Documents\demo\demo-proj
19 verbose addLocalTarball adding from inside cache C:\Users\sridhar.alagirisamy\AppData\Roaming\npm-cache\demo-proj\1.2.2\package.tgz
20 verbose correctMkdir C:\Users\sridhar.alagirisamy\AppData\Roaming\npm-cache correctMkdir not in flight; initializing
21 silly cache afterAdd demo-proj@1.2.2
22 verbose afterAdd C:\Users\sridhar.alagirisamy\AppData\Roaming\npm-cache\demo-proj\1.2.2\package\package.json not in flight; writing
23 verbose correctMkdir C:\Users\sridhar.alagirisamy\AppData\Roaming\npm-cache correctMkdir not in flight; initializing
24 verbose afterAdd C:\Users\sridhar.alagirisamy\AppData\Roaming\npm-cache\demo-proj\1.2.2\package\package.json written
25 silly publish { name: 'demo-proj',
25 silly publish   version: '1.2.2',
25 silly publish   description: 'demo',
25 silly publish   main: 'index.js',
25 silly publish   scripts:
25 silly publish    { test: 'dir /b *.ts>textfiles.txt',
25 silly publish      tsc: 'tsc @textfiles.txt',
25 silly publish      prepublish: 'npm run test && npm run tsc' },
25 silly publish   repository:
25 silly publish    { type: 'git',
25 silly publish      url: 'git+https://github.com/sridhar-alagirisamy/demo-proj.git' },
25 silly publish   keywords: [ 'demo', 'project' ],
25 silly publish   author: { name: 'Sridhar' },
25 silly publish   license: 'ISC',
25 silly publish   bugs: { url: 'https://github.com/sridhar-alagirisamy/demo-proj/issues' },
25 silly publish   homepage: 'https://github.com/sridhar-alagirisamy/demo-proj#readme',
25 silly publish   readme: '# demo-proj\r\ndemo\r\n',
25 silly publish   readmeFilename: 'README.md',
25 silly publish   gitHead: 'd38dd213de7da7aaa175b3a0005fa2089697726d',
25 silly publish   _id: 'demo-proj@1.2.2',
25 silly publish   _shasum: '1f8ddf6bcee6e15d2d44d2ea3b3427918f0125e3',
25 silly publish   _from: '.' }
26 verbose getPublishConfig undefined
27 silly mapToRegistry name demo-proj
28 silly mapToRegistry using default registry
29 silly mapToRegistry registry https://registry.npmjs.org/
30 silly mapToRegistry data Result {
30 silly mapToRegistry   raw: 'demo-proj',
30 silly mapToRegistry   scope: null,
30 silly mapToRegistry   escapedName: 'demo-proj',
30 silly mapToRegistry   name: 'demo-proj',
30 silly mapToRegistry   rawSpec: '',
30 silly mapToRegistry   spec: 'latest',
30 silly mapToRegistry   type: 'tag' }
31 silly mapToRegistry uri https://registry.npmjs.org/demo-proj
32 verbose publish registryBase https://registry.npmjs.org/
33 silly publish uploading C:\Users\sridhar.alagirisamy\AppData\Roaming\npm-cache\demo-proj\1.2.2\package.tgz
34 verbose request uri https://registry.npmjs.org/demo-proj
35 verbose request sending authorization for write operation
36 info attempt registry request try #1 at 12:17:09 PM
37 verbose request using bearer token for auth
38 verbose request id 2b5b9879c67640b7
39 http request PUT https://registry.npmjs.org/demo-proj
40 http 403 https://registry.npmjs.org/demo-proj
41 verbose headers { 'content-type': 'application/json',
41 verbose headers   'cache-control': 'max-age=300',
41 verbose headers   'content-length': '95',
41 verbose headers   'accept-ranges': 'bytes',
41 verbose headers   date: 'Mon, 17 Jul 2017 06:45:54 GMT',
41 verbose headers   via: '1.1 varnish',
41 verbose headers   connection: 'keep-alive',
41 verbose headers   'x-served-by': 'cache-sin18024-SIN',
41 verbose headers   'x-cache': 'MISS',
41 verbose headers   'x-cache-hits': '0',
41 verbose headers   'x-timer': 'S1500273954.030829,VS0,VE901',
41 verbose headers   vary: 'Accept-Encoding, Accept' }
42 verbose request invalidating C:\Users\sridhar.alagirisamy\AppData\Roaming\npm-cache\registry.npmjs.org\demo-proj on PUT
43 error publish Failed PUT 403
44 verbose stack Error: "You cannot publish over the previously published version 1.2.2." : demo-proj
44 verbose stack     at makeError (C:\Program Files\nodejs\node_modules\npm\node_modules\npm-registry-client\lib\request.js:302:12)
44 verbose stack     at CachingRegistryClient.<anonymous> (C:\Program Files\nodejs\node_modules\npm\node_modules\npm-registry-client\lib\request.js:290:14)
44 verbose stack     at Request._callback (C:\Program Files\nodejs\node_modules\npm\node_modules\npm-registry-client\lib\request.js:210:14)
44 verbose stack     at Request.self.callback (C:\Program Files\nodejs\node_modules\npm\node_modules\request\request.js:187:22)
44 verbose stack     at emitTwo (events.js:106:13)
44 verbose stack     at Request.emit (events.js:191:7)
44 verbose stack     at Request.<anonymous> (C:\Program Files\nodejs\node_modules\npm\node_modules\request\request.js:1048:10)
44 verbose stack     at emitOne (events.js:96:13)
44 verbose stack     at Request.emit (events.js:188:7)
44 verbose stack     at IncomingMessage.<anonymous> (C:\Program Files\nodejs\node_modules\npm\node_modules\request\request.js:969:12)
45 verbose statusCode 403
46 verbose pkgid demo-proj
47 verbose cwd C:\Users\sridhar.alagirisamy\Documents\demo\demo-proj
48 error Windows_NT 10.0.15063
49 error argv "C:\\Program Files\\nodejs\\node.exe" "C:\\Program Files\\nodejs\\node_modules\\npm\\bin\\npm-cli.js" "publish"
50 error node v6.11.0
51 error npm  v3.10.10
52 error code E403
53 error "You cannot publish over the previously published version 1.2.2." : demo-proj
54 error If you need help, you may report this error at:
54 error     <https://github.com/npm/npm/issues>
55 verbose exit [ 1, true ]
